The files belonging to this database system will be owned by user "postgres".
This user must also own the server process.

The database cluster will be initialized with locale "en_US.utf8".
The default database encoding has accordingly been set to "UTF8".
The default text search configuration will be set to "english".

Data page checksums are disabled.

fixing permissions on existing directory /var/lib/postgresql/data ... ok
creating subdirectories ... ok
selecting dynamic shared memory implementation ... posix
selecting default max_connections ... 100
selecting default shared_buffers ... 128MB
selecting default time zone ... Etc/UTC
creating configuration files ... ok
running bootstrap script ... ok
performing post-bootstrap initialization ... ok
syncing data to disk ... ok

initdb: warning: enabling "trust" authentication for local connections
initdb: hint: You can change this by editing pg_hba.conf or using the option -A, or --auth-local and --auth-host, the next time you run initdb.

Success. You can now start the database server using:

    pg_ctl -D /var/lib/postgresql/data -l logfile start

waiting for server to start....2024-09-07 02:59:34.471 UTC [43] LOG:  starting PostgreSQL 15.6 (Debian 15.6-1.pgdg120+2) on x86_64-pc-linux-gnu, compiled by gcc (Debian 12.2.0-14) 12.2.0, 64-bit
2024-09-07 02:59:34.471 UTC [43] LOG:  listening on Unix socket "/var/run/postgresql/.s.PGSQL.5432"
2024-09-07 02:59:34.472 UTC [46] LOG:  database system was shut down at 2024-09-07 02:59:33 UTC
2024-09-07 02:59:34.474 UTC [43] LOG:  database system is ready to accept connections
 done
server started
CREATE DATABASE


/usr/local/bin/docker-entrypoint.sh: ignoring /docker-entrypoint-initdb.d/*

2024-09-07 02:59:34.627 UTC [43] LOG:  received fast shutdown request
waiting for server to shut down....2024-09-07 02:59:34.627 UTC [43] LOG:  aborting any active transactions
2024-09-07 02:59:34.628 UTC [43] LOG:  background worker "logical replication launcher" (PID 49) exited with exit code 1
2024-09-07 02:59:34.628 UTC [44] LOG:  shutting down
2024-09-07 02:59:34.628 UTC [44] LOG:  checkpoint starting: shutdown immediate
2024-09-07 02:59:34.633 UTC [44] LOG:  checkpoint complete: wrote 918 buffers (5.6%); 0 WAL file(s) added, 0 removed, 0 recycled; write=0.006 s, sync=0.001 s, total=0.006 s; sync files=0, longest=0.000 s, average=0.000 s; distance=4223 kB, estimate=4223 kB
2024-09-07 02:59:34.639 UTC [43] LOG:  database system is shut down
 done
server stopped

PostgreSQL init process complete; ready for start up.

2024-09-07 02:59:34.741 UTC [1] LOG:  starting PostgreSQL 15.6 (Debian 15.6-1.pgdg120+2) on x86_64-pc-linux-gnu, compiled by gcc (Debian 12.2.0-14) 12.2.0, 64-bit
2024-09-07 02:59:34.741 UTC [1] LOG:  listening on IPv4 address "0.0.0.0", port 5432
2024-09-07 02:59:34.741 UTC [1] LOG:  listening on IPv6 address "::", port 5432
2024-09-07 02:59:34.741 UTC [1] LOG:  listening on Unix socket "/var/run/postgresql/.s.PGSQL.5432"
2024-09-07 02:59:34.743 UTC [59] LOG:  database system was shut down at 2024-09-07 02:59:34 UTC
2024-09-07 02:59:34.745 UTC [1] LOG:  database system is ready to accept connections
